<?xml version="1.0" encoding="UTF-8"?>
<!-- Generated by org.testng.reporters.JUnitReportReporter -->
<testsuite hostname="DESKTOP-UH065KK" failures="0" tests="1" name="tests.ThreeTest" time="8.712" errors="0" timestamp="2022-04-13T19:55:00 MDT" skipped="0">
  <testcase classname="tests.ThreeTest" name="testThree" time="8.712"/>
  <system-out/>
</testsuite> <!-- tests.ThreeTest -->
